[results.sofworld.org/results.html]
[backblue.gif]
[fade.gif]
[index.html]
[results.sofworld.org/misc/favicon.ico]
[results.sofworld.org/sites/all/modules/jquery_update/replace/jquery/1.8/jquery.mina532.js]
[results.sofworld.org/misc/jquery-extend-3.4.0a532.js]
[results.sofworld.org/misc/jquery.once7839.js]
[results.sofworld.org/misc/drupal4386.js]
[results.sofworld.org/sites/all/modules/jquery_ajax_load/jquery_ajax_load4386.js]
[results.sofworld.org/sites/all/modules/custom/non_clickable_menu_items/non_clickable_menu_items4386.js]
[results.sofworld.org/sites/all/modules/captcha/captcha4386.js]
[results.sofworld.org/sites/all/modules/custom/result_cards/js/result_cards4386.js]
[results.sofworld.org/image_captcha7a67.jpg]
[results.sofworld.org/results.html]
[results-2023.s3.ap-south-1.amazonaws.com/misc/throbber-inactive.png]
[results-2023.s3.ap-south-1.amazonaws.com/misc/throbber-active.gif]
[results-2023.s3.ap-south-1.amazonaws.com/misc/grippie.png]
[results-2023.s3.ap-south-1.amazonaws.com/misc/draggable.png]
[results-2023.s3.ap-south-1.amazonaws.com/misc/tree.png]
[results-2023.s3.ap-south-1.amazonaws.com/misc/tree-bottom.png]
[results-2023.s3.ap-south-1.amazonaws.com/misc/menu-expanded.png]
[results-2023.s3.ap-south-1.amazonaws.com/misc/menu-collapsed.png]
[results-2023.s3.ap-south-1.amazonaws.com/misc/menu-leaf.png]
[results-2023.s3.ap-south-1.amazonaws.com/misc/message-24-ok.png]
[results-2023.s3.ap-south-1.amazonaws.com/misc/message-24-warning.png]
[results-2023.s3.ap-south-1.amazonaws.com/misc/message-24-error.png]
[results-2023.s3.ap-south-1.amazonaws.com/misc/help.png]
[results-2023.s3.ap-south-1.amazonaws.com/misc/progress.gif]
[results-2023.s3.ap-south-1.amazonaws.com/s3fs-public/css/css_xE-rWrJf-fncB6ztZfd2huxqgxu4WO-qwma6Xer30m4.css]
[results-2023.s3.ap-south-1.amazonaws.com/s3fs-public/css/css_HTZ5frdsQ59QXjzphtpyUNa1DWDCXKd2W4gOnOdvBrk.css]
[results-2023.s3.ap-south-1.amazonaws.com/sites/all/modules/ctools/images/status-active.gif]
[results-2023.s3.ap-south-1.amazonaws.com/sites/all/modules/custom/result_cards/images/form-title-bg.jpg]
[results-2023.s3.ap-south-1.amazonaws.com/sites/all/modules/custom/result_cards/images/download-pdf.png]
[results-2023.s3.ap-south-1.amazonaws.com/sites/all/modules/custom/result_cards/images/view-results.png]
[results-2023.s3.ap-south-1.amazonaws.com/s3fs-public/css/css_4KaNE1oWumLh2Q5GbU7nt-ITsbeH5BuWGZ8L2NOvL_U.css]
[results-2023.s3.ap-south-1.amazonaws.com/sites/all/themes/seven/images/list-item.png]
[results-2023.s3.ap-south-1.amazonaws.com/sites/all/themes/seven/images/buttons.png]
[results-2023.s3.ap-south-1.amazonaws.com/sites/all/themes/seven/images/add.png]
[results-2023.s3.ap-south-1.amazonaws.com/sites/all/themes/seven/images/task-item.png]
[results-2023.s3.ap-south-1.amazonaws.com/sites/all/themes/seven/images/task-check.png]
[results-2023.s3.ap-south-1.amazonaws.com/s3fs-public/css/css_lCx5uVQTQPEhsJc-fVk3nOtOUv82-0ITkDtRCmV5BmQ.css]
[results.sofworld.org/sites/all/modules/jquery_update/replace/jquery/1.8/jquery.mina532.js]
[results.sofworld.org/misc/jquery-extend-3.4.0a532.js]
[results.sofworld.org/misc/jquery.once7839.js]
[results.sofworld.org/misc/drupal4386.js]
[results.sofworld.org/sites/all/modules/jquery_ajax_load/jquery_ajax_load4386.js]
[results.sofworld.org/sites/all/modules/custom/non_clickable_menu_items/non_clickable_menu_items4386.js]
[results.sofworld.org/sites/all/modules/captcha/captcha4386.js]
[results.sofworld.org/sites/all/modules/custom/result_cards/js/result_cards4386.js]
[www.googletagmanager.com/gtm5445.html]
[results-2023.s3.ap-south-1.amazonaws.com/sites/all/misc/menu-collapsed.png]
[results-2023.s3.ap-south-1.amazonaws.com/sites/all/misc/menu-expanded.png]
[results.sofworld.org/index.html]
[results.sofworld.org/index.html]
[results.sofworld.org/has_js=1; path=]
[results.sofworld.org/has_js=1; path=/index.html]
[results.sofworld.org/results/index.html]
[results.sofworld.org/has_js=1; path=.html]
